<?xml version="1.0" encoding="UTF-8"?>
<!-- Generated by org.testng.reporters.JUnitReportReporter -->
<testsuite skipped="0" hostname="admin-PC" name="qaclickacademy.RestAPITest" tests="2" failures="0" timestamp="2020-03-28T02:45:33 IST" time="0.000" errors="0">
  <testcase name="DeleteTwitter" time="0.000" classname="qaclickacademy.RestAPITest"/>
  <system-out/>
  <testcase name="JIRAPost" time="0.000" classname="qaclickacademy.RestAPITest"/>
  <system-out/>
</testsuite> <!-- qaclickacademy.RestAPITest -->
