<?xml version="1.0" encoding="UTF-8"?>
<!-- Generated by org.testng.reporters.JUnitReportReporter -->
<testsuite skipped="0" hostname="admin-PC" name="qaclickacademy.AppiumTest" tests="2" failures="0" timestamp="2020-03-28T02:45:33 IST" time="0.027" errors="0">
  <testcase name="NativeAppAndroid" time="0.000" classname="qaclickacademy.AppiumTest"/>
  <system-out/>
  <testcase name="IOSApps" time="0.027" classname="qaclickacademy.AppiumTest"/>
  <system-out/>
</testsuite> <!-- qaclickacademy.AppiumTest -->
